<?xml version="1.0" encoding="UTF-8"?>
<!-- Generated by org.testng.reporters.JUnitReportReporter -->
<testsuite hostname="DESKTOP-MP5P5GA" failures="0" tests="1" name="Test_runner.Runner_Testng" time="37.266" errors="0" timestamp="2022-05-03T16:32:32 GMT-07:00" skipped="0">
  <testcase classname="Test_runner.Runner_Testng" name="runScenario" time="37.266"/>
  <system-out/>
</testsuite> <!-- Test_runner.Runner_Testng -->
