<?xml version="1.0" encoding="UTF-8"?>
<!-- Generated by org.testng.reporters.JUnitReportReporter -->
<testsuite hostname="DESKTOP-MP5P5GA" failures="0" tests="1" name="mpack.OneTest" time="40.674" errors="0" timestamp="2022-05-08T13:01:52 GMT-07:00" skipped="0">
  <testcase classname="mpack.OneTest" name="method1" time="40.674"/>
  <system-out/>
</testsuite> <!-- mpack.OneTest -->
