<?xml version="1.0" encoding="UTF-8"?>
<!-- Generated by org.testng.reporters.JUnitReportReporter -->
<testsuite hostname="kirupaas-MacBook-Air.local" failures="0" tests="3" name="Demo.Verifypagetitle" time="0.391" errors="0" timestamp="2022-10-09T19:26:17 PDT" skipped="2">
  <testcase classname="Demo.Verifypagetitle" name="verifytitle" time="0.000">
    <skipped/>
  </testcase> <!-- verifytitle -->
  <system-out/>
  <testcase classname="Demo.Verifypagetitle" name="verifytitle" time="0.000">
    <skipped/>
  </testcase> <!-- verifytitle -->
  <system-out/>
  <testcase classname="Demo.Verifypagetitle" name="verifytitle" time="0.391"/>
  <system-out/>
</testsuite> <!-- Demo.Verifypagetitle -->
