<?xml version="1.0" encoding="UTF-8"?>
<!-- Generated by org.testng.reporters.JUnitReportReporter -->
<testsuite hostname="DESKTOP-MP5P5GA" failures="0" tests="2" name="pack.excel_with_dataprovider" time="0.018" errors="0" timestamp="2022-06-25T22:01:23 GMT-07:00" skipped="0">
  <testcase classname="pack.excel_with_dataprovider" name="test1" time="0.014"/>
  <system-out/>
  <testcase classname="pack.excel_with_dataprovider" name="test1" time="0.004"/>
  <system-out/>
</testsuite> <!-- pack.excel_with_dataprovider -->
