<?xml version="1.0" encoding="UTF-8"?>
<!-- Generated by org.testng.reporters.JUnitReportReporter -->
<testsuite hostname="MacBook-Air.local" failures="0" tests="1" name="com.inetbanking.testCases.Tc_loginTest_001" time="6.586" errors="0" timestamp="2023-01-08T01:41:06 PST" skipped="0">
  <testcase classname="com.inetbanking.testCases.Tc_loginTest_001" name="loginTest" time="6.586"/>
  <system-out/>
</testsuite> <!-- com.inetbanking.testCases.Tc_loginTest_001 -->
