<?xml version="1.0" encoding="UTF-8"?>
<!-- Generated by org.testng.reporters.JUnitReportReporter -->
<testsuite hostname="kirupaas-MacBook-Air.local" failures="0" tests="1" name="com.webappsecurity.zero.testscripts.VerifyInvalidLoginTest" time="1.015" errors="0" timestamp="2022-10-09T22:24:09 PDT" skipped="0">
  <testcase classname="com.webappsecurity.zero.testscripts.VerifyInvalidLoginTest" name="InvalidLogin" time="1.015"/>
  <system-out/>
</testsuite> <!-- com.webappsecurity.zero.testscripts.VerifyInvalidLoginTest -->
