<?xml version="1.0" encoding="UTF-8"?>
<!-- Generated by org.testng.reporters.JUnitReportReporter -->
<testsuite hostname="kirupaas-MacBook-Air.local" failures="0" tests="1" name="com.webappsecurity.zero.testscripts.VerifyValidLoginTest" time="3.196" errors="0" timestamp="2022-10-09T22:24:09 PDT" skipped="0">
  <testcase classname="com.webappsecurity.zero.testscripts.VerifyValidLoginTest" name="verifyValidLogin" time="3.196"/>
  <system-out/>
</testsuite> <!-- com.webappsecurity.zero.testscripts.VerifyValidLoginTest -->
