<?xml version="1.0" encoding="UTF-8"?>
<!-- Generated by org.testng.reporters.JUnitReportReporter -->
<testsuite hostname="DESKTOP-MP5P5GA" failures="0" tests="1" name="Runner.TestRunner" time="11.181" errors="0" timestamp="2022-05-15T13:40:16 GMT-07:00" skipped="0">
  <testcase classname="Runner.TestRunner" name="runScenario" time="11.181"/>
  <system-out/>
</testsuite> <!-- Runner.TestRunner -->
