<?xml version="1.0" encoding="UTF-8"?>
<!-- Generated by org.testng.reporters.JUnitReportReporter -->
<testsuite hostname="DESKTOP-MP5P5GA" failures="0" tests="1" name="Tests.Dummy_2_Test" time="21.843" errors="0" timestamp="2022-05-15T11:23:52 GMT-07:00" skipped="0">
  <testcase classname="Tests.Dummy_2_Test" name="test2" time="21.843"/>
  <system-out/>
</testsuite> <!-- Tests.Dummy_2_Test -->
