<?xml version="1.0" encoding="UTF-8"?>
<!-- Generated by org.testng.reporters.JUnitReportReporter -->
<testsuite hostname="DESKTOP-MP5P5GA" failures="0" tests="1" name="Tests.LoginTest" time="24.452" errors="0" timestamp="2022-05-15T11:23:52 GMT-07:00" skipped="0">
  <testcase classname="Tests.LoginTest" name="login" time="24.452"/>
  <system-out/>
</testsuite> <!-- Tests.LoginTest -->
