<?xml version="1.0" encoding="UTF-8"?>
<!-- Generated by org.testng.reporters.JUnitReportReporter -->
<testsuite hostname="DESKTOP-MP5P5GA" failures="0" tests="1" name="Pom_pack.Login_test" time="53.350" errors="0" timestamp="2022-05-10T21:11:56 GMT-07:00" skipped="0">
  <testcase classname="Pom_pack.Login_test" name="login" time="53.350"/>
  <system-out/>
</testsuite> <!-- Pom_pack.Login_test -->
