<?xml version="1.0" encoding="UTF-8"?>
<!-- Generated by org.testng.reporters.JUnitReportReporter -->
<testsuite hostname="DESKTOP-MP5P5GA" failures="0" tests="3" name="mvnt_pack.Annotations" time="0.007" errors="0" timestamp="2022-05-04T20:47:56 GMT-07:00" skipped="0">
  <testcase classname="mvnt_pack.Annotations" name="testRegistration" time="0.001"/>
  <system-out/>
  <testcase classname="mvnt_pack.Annotations" name="testLogin" time="0.003"/>
  <system-out/>
  <testcase classname="mvnt_pack.Annotations" name="testHomePage" time="0.003"/>
  <system-out/>
</testsuite> <!-- mvnt_pack.Annotations -->
