<?xml version="1.0" encoding="UTF-8"?>
<!-- Generated by org.testng.reporters.JUnitReportReporter -->
<testsuite hostname="DESKTOP-MP5P5GA" failures="0" tests="3" name="Class_pack.Class_1" time="7.976" errors="0" timestamp="2022-05-07T10:30:44 GMT-07:00" skipped="0">
  <testcase classname="Class_pack.Class_1" name="test_1" time="7.968"/>
  <system-out/>
  <testcase classname="Class_pack.Class_1" name="test_2" time="0.005"/>
  <system-out/>
  <testcase classname="Class_pack.Class_1" name="test_3" time="0.003"/>
  <system-out/>
</testsuite> <!-- Class_pack.Class_1 -->
