<?xml version="1.0" encoding="UTF-8"?>
<!-- Generated by org.testng.reporters.JUnitReportReporter -->
<testsuite hostname="DESKTOP-MP5P5GA" failures="0" tests="3" name="Class_pack.Data_provider" time="0.034" errors="0" timestamp="2022-06-19T11:59:04 GMT-07:00" skipped="0">
  <testcase classname="Class_pack.Data_provider" name="logintest" time="0.004"/>
  <system-out/>
  <testcase classname="Class_pack.Data_provider" name="logintest" time="0.028"/>
  <system-out/>
  <testcase classname="Class_pack.Data_provider" name="logintest" time="0.002"/>
  <system-out/>
</testsuite> <!-- Class_pack.Data_provider -->
