<?xml version="1.0" encoding="UTF-8"?>
<!-- Generated by org.testng.reporters.JUnitReportReporter -->
<testsuite hostname="DESKTOP-MP5P5GA" failures="0" tests="4" name="Class_pack.depends_on_methods" time="4.040" errors="0" timestamp="2022-05-05T18:35:34 GMT-07:00" skipped="0">
  <testcase classname="Class_pack.depends_on_methods" name="macys" time="0.011"/>
  <system-out/>
  <testcase classname="Class_pack.depends_on_methods" name="flipkart" time="0.018"/>
  <system-out/>
  <testcase classname="Class_pack.depends_on_methods" name="walmart" time="4.010"/>
  <system-out/>
  <testcase classname="Class_pack.depends_on_methods" name="amazon" time="0.001"/>
  <system-out/>
</testsuite> <!-- Class_pack.depends_on_methods -->
