<?xml version="1.0" encoding="UTF-8"?>
<!-- Generated by org.testng.reporters.JUnitReportReporter -->
<testsuite hostname="DESKTOP-MP5P5GA" failures="0" tests="1" name="Class_pack.Scroll_fn" time="11.395" errors="0" timestamp="2022-07-02T19:08:49 GMT-07:00" skipped="0">
  <testcase classname="Class_pack.Scroll_fn" name="scrollHorizontally" time="11.395"/>
  <system-out/>
</testsuite> <!-- Class_pack.Scroll_fn -->
