<?xml version="1.0" encoding="UTF-8"?>
<!-- Generated by org.testng.reporters.JUnitReportReporter -->
<testsuite hostname="DESKTOP-MP5P5GA" failures="0" tests="3" name="Class_pack.Class_4" time="0.047" errors="0" timestamp="2022-05-07T09:02:24 GMT-07:00" skipped="0">
  <testcase classname="Class_pack.Class_4" name="logintest" time="0.008"/>
  <system-out/>
  <testcase classname="Class_pack.Class_4" name="logintest" time="0.024"/>
  <system-out/>
  <testcase classname="Class_pack.Class_4" name="logintest" time="0.015"/>
  <system-out/>
</testsuite> <!-- Class_pack.Class_4 -->
