<?xml version="1.0" encoding="UTF-8"?>
<!-- Generated by org.testng.reporters.JUnitReportReporter -->
<testsuite hostname="DESKTOP-MP5P5GA" failures="0" tests="1" name="mvnt_pack.demo" time="14.468" errors="0" timestamp="2022-05-07T10:30:44 GMT-07:00" skipped="0">
  <testcase classname="mvnt_pack.demo" name="title" time="14.468"/>
  <system-out/>
</testsuite> <!-- mvnt_pack.demo -->
