<?xml version="1.0" encoding="UTF-8"?>
<!-- Generated by org.testng.reporters.JUnitReportReporter -->
<testsuite hostname="DESKTOP-MP5P5GA" failures="0" tests="1" name="Class_pack.Class_2" time="0.008" errors="0" timestamp="2022-05-05T17:57:02 GMT-07:00" skipped="0">
  <testcase classname="Class_pack.Class_2" name="test_2" time="0.008"/>
  <system-out/>
</testsuite> <!-- Class_pack.Class_2 -->
