<?xml version="1.0" encoding="UTF-8"?>
<!-- Generated by org.testng.reporters.JUnitReportReporter -->
<testsuite hostname="DESKTOP-MP5P5GA" failures="0" tests="1" name="mvnt_pack.Assertions" time="0.001" errors="0" timestamp="2022-05-04T20:47:56 GMT-07:00" skipped="0">
  <testcase classname="mvnt_pack.Assertions" name="method1" time="0.001"/>
  <system-out/>
</testsuite> <!-- mvnt_pack.Assertions -->
