<?xml version="1.0" encoding="UTF-8"?>
<!-- Generated by org.testng.reporters.JUnitReportReporter -->
<testsuite hostname="DESKTOP-MP5P5GA" failures="0" tests="1" name="Class_pack.Class_3" time="0.004" errors="0" timestamp="2022-05-05T17:35:56 GMT-07:00" skipped="0">
  <testcase classname="Class_pack.Class_3" name="test_3" time="0.004"/>
  <system-out/>
</testsuite> <!-- Class_pack.Class_3 -->
