<?xml version="1.0" encoding="UTF-8"?>
<!-- Generated by org.testng.reporters.JUnitReportReporter -->
<testsuite hostname="DESKTOP-MP5P5GA" failures="0" tests="1" name="com.webappsecurity.zero.Testscripts.VerifyFundTransferTest" time="12.413" errors="0" timestamp="2022-04-23T13:49:26 GMT-07:00" skipped="0">
  <testcase classname="com.webappsecurity.zero.Testscripts.VerifyFundTransferTest" name="VerifyFundTransfer" time="12.413"/>
  <system-out/>
</testsuite> <!-- com.webappsecurity.zero.Testscripts.VerifyFundTransferTest -->
