<?xml version="1.0" encoding="UTF-8"?>
<!-- Generated by org.testng.reporters.JUnitReportReporter -->
<testsuite hostname="DESKTOP-MP5P5GA" failures="0" tests="1" name="Keyword_driven_Framework.Application" time="53.368" errors="0" timestamp="2022-04-23T18:48:24 GMT-07:00" skipped="0">
  <testcase classname="Keyword_driven_Framework.Application" name="verifyInvalidLogin" time="53.368"/>
  <system-out/>
</testsuite> <!-- Keyword_driven_Framework.Application -->
