<?xml version="1.0" encoding="UTF-8"?>
<!-- Generated by org.testng.reporters.JUnitReportReporter -->
<testsuite hostname="MacBook-Air.local" failures="0" tests="1" name="com.inetbanking.testCases.Tc_loginTest_001" time="0.856" errors="0" timestamp="2023-02-21T19:29:20 EST" skipped="0">
  <testcase classname="com.inetbanking.testCases.Tc_loginTest_001" name="loginTest" time="0.856"/>
  <system-out/>
</testsuite> <!-- com.inetbanking.testCases.Tc_loginTest_001 -->
